Traceback (most recent call last):
  File "/opt/hostedtoolcache/Python/3.14.3/x64/lib/python3.14/site-packages/jupyter_cache/executors/utils.py", line 58, in single_nb_execution
    executenb(
    ~~~~~~~~~^
        nb,
        ^^^
    ...<4 lines>...
        **kwargs,
        ^^^^^^^^^
    )
    ^
  File "/opt/hostedtoolcache/Python/3.14.3/x64/lib/python3.14/site-packages/nbclient/client.py", line 1323, in execute
    return NotebookClient(nb=nb, resources=resources, km=km, **kwargs).execute()
           ~~~~~~~~~~~~~~~~~~~~~~~~~~~~~~~~~~~~~~~~~~~~~~~~~~~~~~~~~~~~~~~~~~~^^
  File "/opt/hostedtoolcache/Python/3.14.3/x64/lib/python3.14/site-packages/jupyter_core/utils/__init__.py", line 165, in wrapped
    return loop.run_until_complete(inner)
           ~~~~~~~~~~~~~~~~~~~~~~~^^^^^^^
  File "/opt/hostedtoolcache/Python/3.14.3/x64/lib/python3.14/asyncio/base_events.py", line 719, in run_until_complete
    return future.result()
           ~~~~~~~~~~~~~^^
  File "/opt/hostedtoolcache/Python/3.14.3/x64/lib/python3.14/site-packages/nbclient/client.py", line 709, in async_execute
    await self.async_execute_cell(
        cell, index, execution_count=self.code_cells_executed + 1
    )
  File "/opt/hostedtoolcache/Python/3.14.3/x64/lib/python3.14/site-packages/nbclient/client.py", line 1062, in async_execute_cell
    await self._check_raise_for_error(cell, cell_index, exec_reply)
  File "/opt/hostedtoolcache/Python/3.14.3/x64/lib/python3.14/site-packages/nbclient/client.py", line 918, in _check_raise_for_error
    raise CellExecutionError.from_cell_and_msg(cell, exec_reply_content)
nbclient.exceptions.CellExecutionError: An error occurred while executing the following cell:
------------------
print("=" * 60)
print("COMPARING ISMI CONFIGURATIONS")
print("=" * 60)

configs = [
    {"name": "k=1, a=0.3", "k": 1, "alpha": 0.3},
    {"name": "k=max, a=0.3", "k": "max", "alpha": 0.3},
    {"name": "k=avg, a=0.3", "k": "average", "alpha": 0.3},
    {"name": "k=1, a=[0.2,0.5]", "k": 1, "alpha": (0.2, 0.5)},
]

results = []
for config in configs:
    print(f"\nTesting: {config['name']}")
    ismi_test = InterSiteMatchedInterpolation(
        alpha=config["alpha"],
        target_tolerance=5.0,
        covariate_tolerance=5,
        k=config["k"],
        mode="pairwise",
        random_state=RANDOM_STATE,
        verbose=False,
    )

    X_test, y_test = ismi_test.fit_resample(
        X, y, sites=sites, categorical_covariate=categorical_covariate, continuous_covariate=continuous_covariate
    )

    results.append(
        {
            "name": config["name"],
            "n_original": len(X),
            "n_synthetic": len(X_test) - len(X),
            "n_total": len(X_test),
            "expansion": (len(X_test) / len(X) - 1) * 100,
            "unmatched": sum(ismi_test.unmatched_samples_.values()),
        }
    )

results_df = pd.DataFrame(results)
print("\n" + results_df.to_string(index=False))
------------------

----- stdout -----
============================================================
COMPARING ISMI CONFIGURATIONS
============================================================

Testing: k=1, a=0.3
------------------

[31m---------------------------------------------------------------------------[39m
[31mTypeError[39m                                 Traceback (most recent call last)
[36mCell[39m[36m [39m[32mIn[6][39m[32m, line 15[39m
[32m     11[39m 
[32m     12[39m results = []
[32m     13[39m [38;5;28;01mfor[39;00m config [38;5;28;01min[39;00m configs:
[32m     14[39m     print(f"\nTesting: {config[[33m'name'[39m]}")
[32m---> [39m[32m15[39m     ismi_test = InterSiteMatchedInterpolation(
[32m     16[39m         alpha=config[[33m"alpha"[39m],
[32m     17[39m         target_tolerance=[32m5.0[39m,
[32m     18[39m         covariate_tolerance=[32m5[39m,

[31mTypeError[39m: InterSiteMatchedInterpolation.__init__() got an unexpected keyword argument 'verbose'

