Traceback (most recent call last):
  File "/opt/hostedtoolcache/Python/3.14.4/x64/lib/python3.14/site-packages/jupyter_cache/executors/utils.py", line 58, in single_nb_execution
    executenb(
    ~~~~~~~~~^
        nb,
        ^^^
    ...<4 lines>...
        **kwargs,
        ^^^^^^^^^
    )
    ^
  File "/opt/hostedtoolcache/Python/3.14.4/x64/lib/python3.14/site-packages/nbclient/client.py", line 1323, in execute
    return NotebookClient(nb=nb, resources=resources, km=km, **kwargs).execute()
           ~~~~~~~~~~~~~~~~~~~~~~~~~~~~~~~~~~~~~~~~~~~~~~~~~~~~~~~~~~~~~~~~~~~^^
  File "/opt/hostedtoolcache/Python/3.14.4/x64/lib/python3.14/site-packages/jupyter_core/utils/__init__.py", line 165, in wrapped
    return loop.run_until_complete(inner)
           ~~~~~~~~~~~~~~~~~~~~~~~^^^^^^^
  File "/opt/hostedtoolcache/Python/3.14.4/x64/lib/python3.14/asyncio/base_events.py", line 719, in run_until_complete
    return future.result()
           ~~~~~~~~~~~~~^^
  File "/opt/hostedtoolcache/Python/3.14.4/x64/lib/python3.14/site-packages/nbclient/client.py", line 709, in async_execute
    await self.async_execute_cell(
        cell, index, execution_count=self.code_cells_executed + 1
    )
  File "/opt/hostedtoolcache/Python/3.14.4/x64/lib/python3.14/site-packages/nbclient/client.py", line 1062, in async_execute_cell
    await self._check_raise_for_error(cell, cell_index, exec_reply)
  File "/opt/hostedtoolcache/Python/3.14.4/x64/lib/python3.14/site-packages/nbclient/client.py", line 918, in _check_raise_for_error
    raise CellExecutionError.from_cell_and_msg(cell, exec_reply_content)
nbclient.exceptions.CellExecutionError: An error occurred while executing the following cell:
------------------
# Imports
import matplotlib.pyplot as plt
import seaborn as sns

from uniharmony import verbosity
from uniharmony.datasets import make_multisite_classification
from uniharmony.datasets._multisite_data_characterization import (
    get_site_data_statistics,
    print_statistics_summary,
)
from uniharmony.plot import plot_features_by_site


sns.set_theme(style="whitegrid")
verbosity("warning")
------------------


[31m---------------------------------------------------------------------------[39m
[31mImportError[39m                               Traceback (most recent call last)
[36mCell[39m[36m [39m[32mIn[1][39m[32m, line 7[39m
[32m      3[39m [38;5;28;01mimport[39;00m seaborn [38;5;28;01mas[39;00m sns
[32m      4[39m 
[32m      5[39m [38;5;28;01mfrom[39;00m uniharmony [38;5;28;01mimport[39;00m verbosity
[32m      6[39m [38;5;28;01mfrom[39;00m uniharmony.datasets [38;5;28;01mimport[39;00m make_multisite_classification
[32m----> [39m[32m7[39m from uniharmony.datasets._multisite_data_characterization import (
[32m      8[39m     get_site_data_statistics,
[32m      9[39m     print_statistics_summary,
[32m     10[39m )

[31mImportError[39m: cannot import name 'get_site_data_statistics' from 'uniharmony.datasets._multisite_data_characterization' (/home/runner/work/UniHarmony/UniHarmony/src/uniharmony/datasets/_multisite_data_characterization.py)

